<?xml version="1.0" encoding="UTF-8"?>
<testsuite xmlns:xsi="http://www.w3.org/2001/XMLSchema-instance" xsi:schemaLocation="https://maven.apache.org/surefire/maven-surefire-plugin/xsd/surefire-test-report.xsd" name="com.mycompany.junittests.GameManagerTest" time="0.414" tests="20" errors="1" skipped="0" failures="1">
  <properties>
[...]
</properties>
  <testcase name="testVisitVet" classname="com.mycompany.junittests.GameManagerTest" time="0.08"/>
  <testcase name="testStartGame" classname="com.mycompany.junittests.GameManagerTest" time="0.006"/>
  <testcase name="testExitGame" classname="com.mycompany.junittests.GameManagerTest" time="0.012"/>
  <testcase name="testSaveGame" classname="com.mycompany.junittests.GameManagerTest" time="0.01"/>
  <testcase name="testGetCurrentGame" classname="com.mycompany.junittests.GameManagerTest" time="0.012"/>
  <testcase name="testToString" classname="com.mycompany.junittests.GameManagerTest" time="0.039"/>
  <testcase name="testExcersisePet" classname="com.mycompany.junittests.GameManagerTest" time="0.007"/>
  <testcase name="testSleepPet" classname="com.mycompany.junittests.GameManagerTest" time="0.007"/>
  <testcase name="testGivePet" classname="com.mycompany.junittests.GameManagerTest" time="0.048"/>
  <testcase name="testGetCurrentStatisticsTracker" classname="com.mycompany.junittests.GameManagerTest" time="0.024">
    <failure message="expected: &lt;18:00&gt; but was: &lt;null&gt;" type="org.opentest4j.AssertionFailedError"><![CDATA[org.opentest4j.AssertionFailedError: expected: <18:00> but was: <null>
	at com.mycompany.junittests.GameManagerTest.testGetCurrentStatisticsTracker(GameManagerTest.java:180)
]]></failure>
    <system-out><![CDATA[Game initialized with pet: Buddy
Game settings loaded for pet: Buddy
Starting game with pet: Buddy

]]></system-out>
    <system-err><![CDATA[Error reading the CSV file: ../data_handling/pets_data.csv (No such file or directory)
Error reading the CSV file: ../data_handling/game_settings.csv (No such file or directory)
Error reading CSV file: ../data_handling/statistics_tracker.csv (No such file or directory)
Inventory file not found: ../data_handling/pets_data.csv (No such file or directory)
]]></system-err>
  </testcase>
  <testcase name="testGetCurrentInventory" classname="com.mycompany.junittests.GameManagerTest" time="0.007"/>
  <testcase name="testStartStudySession" classname="com.mycompany.junittests.GameManagerTest" time="0.081"/>
  <testcase name="testGetCurrentPet" classname="com.mycompany.junittests.GameManagerTest" time="0.007"/>
  <testcase name="testUpdateStatsContinuous" classname="com.mycompany.junittests.GameManagerTest" time="0.006"/>
  <testcase name="testUpdateStatsNextDayDemo" classname="com.mycompany.junittests.GameManagerTest" time="0.009"/>
  <testcase name="testGetCurrentSettings" classname="com.mycompany.junittests.GameManagerTest" time="0.005"/>
  <testcase name="testSetPet" classname="com.mycompany.junittests.GameManagerTest" time="0.005"/>
  <testcase name="testSetInstance" classname="com.mycompany.junittests.GameManagerTest" time="0.004"/>
  <testcase name="testGetInstance" classname="com.mycompany.junittests.GameManagerTest" time="0.003"/>
  <testcase name="testUpdateStatsLogin" classname="com.mycompany.junittests.GameManagerTest" time="0.006">
    <error message="Cannot invoke &quot;String.replace(java.lang.CharSequence, java.lang.CharSequence)&quot; because &quot;dateTime&quot; is null" type="java.lang.NullPointerException">java.lang.NullPointerException: Cannot invoke "String.replace(java.lang.CharSequence, java.lang.CharSequence)" because "dateTime" is null
	at com.mycompany.junittests.GameManagerTest.testUpdateStatsLogin(GameManagerTest.java:389)
</error>
    <system-out><![CDATA[Game initialized with pet: Buddy
Game settings loaded for pet: Buddy
Starting game with pet: Buddy

]]></system-out>
    <system-err><![CDATA[Error reading the CSV file: ../data_handling/pets_data.csv (No such file or directory)
Error reading the CSV file: ../data_handling/game_settings.csv (No such file or directory)
Error reading CSV file: ../data_handling/statistics_tracker.csv (No such file or directory)
Inventory file not found: ../data_handling/pets_data.csv (No such file or directory)
]]></system-err>
  </testcase>
</testsuite>