<?xml version="1.0" encoding="UTF-8"?>
<testsuite xmlns:xsi="http://www.w3.org/2001/XMLSchema-instance" xsi:schemaLocation="https://maven.apache.org/surefire/maven-surefire-plugin/xsd/surefire-test-report.xsd" name="com.mycompany.junittests.GameManagerTest" time="0.414" tests="20" errors="1" skipped="0" failures="1">
  <properties>
    <property name="java.runtime.name" value="Java(TM) SE Runtime Environment"/>
    <property name="java.vm.version" value="21.0.2+13-LTS-58"/>
    <property name="sun.boot.library.path" value="/Library/Java/JavaVirtualMachines/jdk-21.jdk/Contents/Home/lib"/>
    <property name="maven.multiModuleProjectDirectory" value="/Users/cameronsolomway/Desktop/2212/group20/JUnit/JUnitTests"/>
    <property name="java.vm.vendor" value="Oracle Corporation"/>
    <property name="java.vendor.url" value="https://java.oracle.com/"/>
    <property name="guice.disable.misplaced.annotation.check" value="true"/>
    <property name="path.separator" value=":"/>
    <property name="java.vm.name" value="Java HotSpot(TM) 64-Bit Server VM"/>
    <property name="user.country" value="CA"/>
    <property name="sun.java.launcher" value="SUN_STANDARD"/>
    <property name="test" value="com.mycompany.junittests.GameManagerTest"/>
    <property name="java.vm.specification.name" value="Java Virtual Machine Specification"/>
    <property name="user.dir" value="/Users/cameronsolomway/Desktop/2212/group20/JUnit/JUnitTests"/>
    <property name="java.vm.compressedOopsMode" value="Zero based"/>
    <property name="java.runtime.version" value="21.0.2+13-LTS-58"/>
    <property name="os.arch" value="x86_64"/>
    <property name="java.io.tmpdir" value="/var/folders/m2/4m_sz34s4cdb3b_vxbfsqmnc0000gn/T/"/>
    <property name="line.separator" value="&#10;"/>
    <property name="java.vm.specification.vendor" value="Oracle Corporation"/>
    <property name="stderr.encoding" value="UTF-8"/>
    <property name="os.name" value="Mac OS X"/>
    <property name="maven.ext.class.path" value="/Applications/NetBeans/Apache NetBeans 17.app/Contents/Resources/NetBeans/netbeans/java/maven-nblib/netbeans-eventspy.jar"/>
    <property name="classworlds.conf" value="/Applications/NetBeans/Apache NetBeans 17.app/Contents/Resources/NetBeans/netbeans/java/maven/bin/m2.conf"/>
    <property name="sun.jnu.encoding" value="UTF-8"/>
    <property name="stdout.encoding" value="UTF-8"/>
    <property name="java.library.path" value="/Users/cameronsolomway/Library/Java/Extensions:/Library/Java/Extensions:/Network/Library/Java/Extensions:/System/Library/Java/Extensions:/usr/lib/java:."/>
    <property name="maven.conf" value="/Applications/NetBeans/Apache NetBeans 17.app/Contents/Resources/NetBeans/netbeans/java/maven/conf"/>
    <property name="jdk.debug" value="release"/>
    <property name="java.class.version" value="65.0"/>
    <property name="java.specification.name" value="Java Platform API Specification"/>
    <property name="sun.management.compiler" value="HotSpot 64-Bit Tiered Compilers"/>
    <property name="os.version" value="15.1.1"/>
    <property name="library.jansi.path" value="/Applications/NetBeans/Apache NetBeans 17.app/Contents/Resources/NetBeans/netbeans/java/maven/lib/jansi-native"/>
    <property name="http.nonProxyHosts" value="local|*.local|169.254/16|*.169.254/16"/>
    <property name="user.home" value="/Users/cameronsolomway"/>
    <property name="user.timezone" value="America/Toronto"/>
    <property name="file.encoding" value="UTF-8"/>
    <property name="java.specification.version" value="21"/>
    <property name="user.name" value="cameronsolomway"/>
    <property name="java.class.path" value="/Applications/NetBeans/Apache NetBeans 17.app/Contents/Resources/NetBeans/netbeans/java/maven/boot/plexus-classworlds-2.6.0.jar"/>
    <property name="java.vm.specification.version" value="21"/>
    <property name="sun.arch.data.model" value="64"/>
    <property name="sun.java.command" value="org.codehaus.plexus.classworlds.launcher.Launcher -Dtest=com.mycompany.junittests.GameManagerTest -Dmaven.ext.class.path=/Applications/NetBeans/Apache NetBeans 17.app/Contents/Resources/NetBeans/netbeans/java/maven-nblib/netbeans-eventspy.jar --no-transfer-progress surefire:test"/>
    <property name="java.home" value="/Library/Java/JavaVirtualMachines/jdk-21.jdk/Contents/Home"/>
    <property name="apple.awt.application.name" value="Launcher"/>
    <property name="user.language" value="en"/>
    <property name="java.specification.vendor" value="Oracle Corporation"/>
    <property name="java.vm.info" value="mixed mode, sharing"/>
    <property name="java.version" value="21.0.2"/>
    <property name="native.encoding" value="UTF-8"/>
    <property name="java.vendor" value="Oracle Corporation"/>
    <property name="maven.home" value="/Applications/NetBeans/Apache NetBeans 17.app/Contents/Resources/NetBeans/netbeans/java/maven"/>
    <property name="file.separator" value="/"/>
    <property name="java.version.date" value="2024-01-16"/>
    <property name="java.vendor.url.bug" value="https://bugreport.java.com/bugreport/"/>
    <property name="sun.io.unicode.encoding" value="UnicodeBig"/>
    <property name="sun.cpu.endian" value="little"/>
    <property name="socksNonProxyHosts" value="local|*.local|169.254/16|*.169.254/16"/>
    <property name="ftp.nonProxyHosts" value="local|*.local|169.254/16|*.169.254/16"/>
  </properties>
  <testcase name="testVisitVet" classname="com.mycompany.junittests.GameManagerTest" time="0.08"/>
  <testcase name="testStartGame" classname="com.mycompany.junittests.GameManagerTest" time="0.006"/>
  <testcase name="testExitGame" classname="com.mycompany.junittests.GameManagerTest" time="0.012"/>
  <testcase name="testSaveGame" classname="com.mycompany.junittests.GameManagerTest" time="0.01"/>
  <testcase name="testGetCurrentGame" classname="com.mycompany.junittests.GameManagerTest" time="0.012"/>
  <testcase name="testToString" classname="com.mycompany.junittests.GameManagerTest" time="0.039"/>
  <testcase name="testExcersisePet" classname="com.mycompany.junittests.GameManagerTest" time="0.007"/>
  <testcase name="testSleepPet" classname="com.mycompany.junittests.GameManagerTest" time="0.007"/>
  <testcase name="testGivePet" classname="com.mycompany.junittests.GameManagerTest" time="0.048"/>
  <testcase name="testGetCurrentStatisticsTracker" classname="com.mycompany.junittests.GameManagerTest" time="0.024">
    <failure message="expected: &lt;18:00&gt; but was: &lt;null&gt;" type="org.opentest4j.AssertionFailedError"><![CDATA[org.opentest4j.AssertionFailedError: expected: <18:00> but was: <null>
	at com.mycompany.junittests.GameManagerTest.testGetCurrentStatisticsTracker(GameManagerTest.java:180)
]]></failure>
    <system-out><![CDATA[Game initialized with pet: Buddy
Game settings loaded for pet: Buddy
Starting game with pet: Buddy

]]></system-out>
    <system-err><![CDATA[Error reading the CSV file: ../data_handling/pets_data.csv (No such file or directory)
Error reading the CSV file: ../data_handling/game_settings.csv (No such file or directory)
Error reading CSV file: ../data_handling/statistics_tracker.csv (No such file or directory)
Inventory file not found: ../data_handling/pets_data.csv (No such file or directory)
]]></system-err>
  </testcase>
  <testcase name="testGetCurrentInventory" classname="com.mycompany.junittests.GameManagerTest" time="0.007"/>
  <testcase name="testStartStudySession" classname="com.mycompany.junittests.GameManagerTest" time="0.081"/>
  <testcase name="testGetCurrentPet" classname="com.mycompany.junittests.GameManagerTest" time="0.007"/>
  <testcase name="testUpdateStatsContinuous" classname="com.mycompany.junittests.GameManagerTest" time="0.006"/>
  <testcase name="testUpdateStatsNextDayDemo" classname="com.mycompany.junittests.GameManagerTest" time="0.009"/>
  <testcase name="testGetCurrentSettings" classname="com.mycompany.junittests.GameManagerTest" time="0.005"/>
  <testcase name="testSetPet" classname="com.mycompany.junittests.GameManagerTest" time="0.005"/>
  <testcase name="testSetInstance" classname="com.mycompany.junittests.GameManagerTest" time="0.004"/>
  <testcase name="testGetInstance" classname="com.mycompany.junittests.GameManagerTest" time="0.003"/>
  <testcase name="testUpdateStatsLogin" classname="com.mycompany.junittests.GameManagerTest" time="0.006">
    <error message="Cannot invoke &quot;String.replace(java.lang.CharSequence, java.lang.CharSequence)&quot; because &quot;dateTime&quot; is null" type="java.lang.NullPointerException">java.lang.NullPointerException: Cannot invoke "String.replace(java.lang.CharSequence, java.lang.CharSequence)" because "dateTime" is null
	at com.mycompany.junittests.GameManagerTest.testUpdateStatsLogin(GameManagerTest.java:389)
</error>
    <system-out><![CDATA[Game initialized with pet: Buddy
Game settings loaded for pet: Buddy
Starting game with pet: Buddy

]]></system-out>
    <system-err><![CDATA[Error reading the CSV file: ../data_handling/pets_data.csv (No such file or directory)
Error reading the CSV file: ../data_handling/game_settings.csv (No such file or directory)
Error reading CSV file: ../data_handling/statistics_tracker.csv (No such file or directory)
Inventory file not found: ../data_handling/pets_data.csv (No such file or directory)
]]></system-err>
  </testcase>
</testsuite>