<?xml version="1.0" encoding="UTF-8"?>
<testsuite xmlns:xsi="http://www.w3.org/2001/XMLSchema-instance" xsi:schemaLocation="https://maven.apache.org/surefire/maven-surefire-plugin/xsd/surefire-test-report.xsd" name="com.mycompany.junittests.PetTest" time="0.228" tests="29" errors="0" skipped="0" failures="0">
  <properties>
[...]
</properties>
  <testcase name="testTakeToVet" classname="com.mycompany.junittests.PetTest" time="0"/>
  <testcase name="testGetMaxHappiness" classname="com.mycompany.junittests.PetTest" time="0.002"/>
  <testcase name="testSetFullness" classname="com.mycompany.junittests.PetTest" time="0.002"/>
  <testcase name="testGetSleep" classname="com.mycompany.junittests.PetTest" time="0.001"/>
  <testcase name="testGetFullness" classname="com.mycompany.junittests.PetTest" time="0.001"/>
  <testcase name="testGetSleepEffectiveness" classname="com.mycompany.junittests.PetTest" time="0.002"/>
  <testcase name="testSleep" classname="com.mycompany.junittests.PetTest" time="0.001"/>
  <testcase name="testSetMaxHappiness" classname="com.mycompany.junittests.PetTest" time="0.001"/>
  <testcase name="testPlay" classname="com.mycompany.junittests.PetTest" time="0.002"/>
  <testcase name="testGetHappiness" classname="com.mycompany.junittests.PetTest" time="0.001"/>
  <testcase name="testUseItem" classname="com.mycompany.junittests.PetTest" time="0.134"/>
  <testcase name="testGetName" classname="com.mycompany.junittests.PetTest" time="0"/>
  <testcase name="testGetPetType" classname="com.mycompany.junittests.PetTest" time="0.001"/>
  <testcase name="testSetMaxFullness" classname="com.mycompany.junittests.PetTest" time="0.001"/>
  <testcase name="testGetMaxHealth" classname="com.mycompany.junittests.PetTest" time="0.001"/>
  <testcase name="testSetPlayEffectiveness" classname="com.mycompany.junittests.PetTest" time="0.003"/>
  <testcase name="testSaveToFile" classname="com.mycompany.junittests.PetTest" time="0.004"/>
  <testcase name="testSetHappiness" classname="com.mycompany.junittests.PetTest" time="0"/>
  <testcase name="testGetPlayEffectiveness" classname="com.mycompany.junittests.PetTest" time="0.002"/>
  <testcase name="testSetHealth" classname="com.mycompany.junittests.PetTest" time="0.003"/>
  <testcase name="testSetSleepEffectiveness" classname="com.mycompany.junittests.PetTest" time="0"/>
  <testcase name="testGetHealth" classname="com.mycompany.junittests.PetTest" time="0.002"/>
  <testcase name="testGetMaxFullness" classname="com.mycompany.junittests.PetTest" time="0"/>
  <testcase name="testSetPetType" classname="com.mycompany.junittests.PetTest" time="0.002"/>
  <testcase name="testSetName" classname="com.mycompany.junittests.PetTest" time="0.004"/>
  <testcase name="testSetMaxHealth" classname="com.mycompany.junittests.PetTest" time="0.001"/>
  <testcase name="testSetMaxSleep" classname="com.mycompany.junittests.PetTest" time="0.001"/>
  <testcase name="testGetMaxSleep" classname="com.mycompany.junittests.PetTest" time="0"/>
  <testcase name="testSetSleep" classname="com.mycompany.junittests.PetTest" time="0.002"/>
</testsuite>